<?xml version="1.0" encoding="UTF-8"?>
<testng-results ignored="0" total="6" passed="3" failed="3" skipped="0">
  <reporter-output>
  </reporter-output>
  <suite started-at="2025-08-17T02:40:33 IST" name="Suite" finished-at="2025-08-17T02:41:52 IST" duration-ms="78565">
    <groups>
      <group name="cucumber">
        <method signature="AbstractTestNGCucumberTests.runScenario(io.cucumber.testng.PickleWrapper,io.cucumber.testng.FeatureWrapper)[pri:0, instance:testrunners.TestRunners@77888435]" name="runScenario" class="io.cucumber.testng.AbstractTestNGCucumberTests"/>
      </group> <!-- cucumber -->
    </groups>
    <test started-at="2025-08-17T02:40:33 IST" name="Test" finished-at="2025-08-17T02:41:52 IST" duration-ms="78565">
      <class name="testrunners.TestRunners">
        <test-method is-config="true" signature="setUpClass(org.testng.ITestContext)[pri:0, instance:testrunners.TestRunners@77888435]" started-at="2025-08-17T02:40:33 IST" name="setUpClass" finished-at="2025-08-17T02:40:35 IST" duration-ms="2128" status="PASS">
          <params>
            <param index="0">
              <value>
                <![CDATA[org.testng.TestRunner@3f030217]]>
              </value>
            </param>
          </params>
          <reporter-output>
          </reporter-output>
        </test-method> <!-- setUpClass -->
        <test-method signature="runScenario(io.cucumber.testng.PickleWrapper,io.cucumber.testng.FeatureWrapper)[pri:0, instance:testrunners.TestRunners@77888435]" started-at="2025-08-17T02:40:35 IST" name="runScenario" description="Runs Cucumber Scenarios" data-provider="scenarios" finished-at="2025-08-17T02:40:55 IST" duration-ms="19938" status="PASS">
          <params>
            <param index="0">
              <value>
                <![CDATA["Validate missing phone number"]]>
              </value>
            </param>
            <param index="1">
              <value>
                <![CDATA["Validate the Booking module in the Event Management System"]]>
              </value>
            </param>
          </params>
          <reporter-output>
          </reporter-output>
        </test-method> <!-- runScenario -->
        <test-method signature="runScenario(io.cucumber.testng.PickleWrapper,io.cucumber.testng.FeatureWrapper)[pri:0, instance:testrunners.TestRunners@77888435]" started-at="2025-08-17T02:40:55 IST" name="runScenario" description="Runs Cucumber Scenarios" data-provider="scenarios" finished-at="2025-08-17T02:41:06 IST" duration-ms="10679" status="FAIL">
          <params>
            <param index="0">
              <value>
                <![CDATA["Validate invalid guest count"]]>
              </value>
            </param>
            <param index="1">
              <value>
                <![CDATA["Validate the Booking module in the Event Management System"]]>
              </value>
            </param>
          </params>
          <exception class="java.lang.AssertionError">
            <message>
              <![CDATA[Guest count error message is not as expected.]]>
            </message>
            <full-stacktrace>
              <![CDATA[java.lang.AssertionError: Guest count error message is not as expected.
at org.testng.Assert.fail(Assert.java:110)
at stepdefinitions.BookingModuleDefinitions.a_guest_count_error_message_should_be_displayed(BookingModuleDefinitions.java:82)
at ✽.A guest count error message should be displayed(file:///D:/EventManagementSystem/src/test/resources/features/bookingModule.feature:14)
]]>
            </full-stacktrace>
          </exception> <!-- java.lang.AssertionError -->
          <reporter-output>
          </reporter-output>
        </test-method> <!-- runScenario -->
        <test-method signature="runScenario(io.cucumber.testng.PickleWrapper,io.cucumber.testng.FeatureWrapper)[pri:0, instance:testrunners.TestRunners@77888435]" started-at="2025-08-17T02:41:06 IST" name="runScenario" description="Runs Cucumber Scenarios" data-provider="scenarios" finished-at="2025-08-17T02:41:15 IST" duration-ms="9165" status="PASS">
          <params>
            <param index="0">
              <value>
                <![CDATA["Validate default event type selection"]]>
              </value>
            </param>
            <param index="1">
              <value>
                <![CDATA["Validate the Booking module in the Event Management System"]]>
              </value>
            </param>
          </params>
          <reporter-output>
          </reporter-output>
        </test-method> <!-- runScenario -->
        <test-method signature="runScenario(io.cucumber.testng.PickleWrapper,io.cucumber.testng.FeatureWrapper)[pri:0, instance:testrunners.TestRunners@77888435]" started-at="2025-08-17T02:41:15 IST" name="runScenario" description="Runs Cucumber Scenarios" data-provider="scenarios" finished-at="2025-08-17T02:41:26 IST" duration-ms="10842" status="PASS">
          <params>
            <param index="0">
              <value>
                <![CDATA["Submit with all valid fields"]]>
              </value>
            </param>
            <param index="1">
              <value>
                <![CDATA["Validate the Contact Us module in the Event Management System"]]>
              </value>
            </param>
          </params>
          <reporter-output>
          </reporter-output>
        </test-method> <!-- runScenario -->
        <test-method signature="runScenario(io.cucumber.testng.PickleWrapper,io.cucumber.testng.FeatureWrapper)[pri:0, instance:testrunners.TestRunners@77888435]" started-at="2025-08-17T02:41:26 IST" name="runScenario" description="Runs Cucumber Scenarios" data-provider="scenarios" finished-at="2025-08-17T02:41:39 IST" duration-ms="13080" status="FAIL">
          <params>
            <param index="0">
              <value>
                <![CDATA["Submit with invalid name"]]>
              </value>
            </param>
            <param index="1">
              <value>
                <![CDATA["Validate the Contact Us module in the Event Management System"]]>
              </value>
            </param>
          </params>
          <exception class="java.lang.AssertionError">
            <message>
              <![CDATA[Name error message is not as expected.]]>
            </message>
            <full-stacktrace>
              <![CDATA[java.lang.AssertionError: Name error message is not as expected.
at org.testng.Assert.fail(Assert.java:110)
at stepdefinitions.ContactUsModuleDefinitions.a_name_error_message_should_be_displayed(ContactUsModuleDefinitions.java:65)
at ✽.A name error message should be displayed(file:///D:/EventManagementSystem/src/test/resources/features/contactUs.feature:14)
]]>
            </full-stacktrace>
          </exception> <!-- java.lang.AssertionError -->
          <reporter-output>
          </reporter-output>
        </test-method> <!-- runScenario -->
        <test-method signature="runScenario(io.cucumber.testng.PickleWrapper,io.cucumber.testng.FeatureWrapper)[pri:0, instance:testrunners.TestRunners@77888435]" started-at="2025-08-17T02:41:39 IST" name="runScenario" description="Runs Cucumber Scenarios" data-provider="scenarios" finished-at="2025-08-17T02:41:51 IST" duration-ms="12490" status="FAIL">
          <params>
            <param index="0">
              <value>
                <![CDATA["Submit with invalid email format"]]>
              </value>
            </param>
            <param index="1">
              <value>
                <![CDATA["Validate the Contact Us module in the Event Management System"]]>
              </value>
            </param>
          </params>
          <exception class="java.lang.AssertionError">
            <message>
              <![CDATA[Email format error message is not as expected.]]>
            </message>
            <full-stacktrace>
              <![CDATA[java.lang.AssertionError: Email format error message is not as expected.
at org.testng.Assert.fail(Assert.java:110)
at stepdefinitions.ContactUsModuleDefinitions.an_email_format_error_message_should_be_displayed(ContactUsModuleDefinitions.java:46)
at ✽.An email format error message should be displayed(file:///D:/EventManagementSystem/src/test/resources/features/contactUs.feature:19)
]]>
            </full-stacktrace>
          </exception> <!-- java.lang.AssertionError -->
          <reporter-output>
          </reporter-output>
        </test-method> <!-- runScenario -->
        <test-method is-config="true" signature="tearDownClass()[pri:0, instance:testrunners.TestRunners@77888435]" started-at="2025-08-17T02:41:51 IST" name="tearDownClass" finished-at="2025-08-17T02:41:52 IST" duration-ms="119" status="PASS">
          <reporter-output>
          </reporter-output>
        </test-method> <!-- tearDownClass -->
      </class> <!-- testrunners.TestRunners -->
    </test> <!-- Test -->
  </suite> <!-- Suite -->
</testng-results>
