<!DOCTYPE html PUBLIC "-//W3C//DTD XHTML 1.1//EN" "https://www.w3.org/TR/xhtml11/DTD/xhtml11.dtd">
<html xmlns="https://www.w3.org/1999/xhtml">
<head>
<meta http-equiv="content-type" content="text/html; charset=UTF-8"/>
<title>TestNG Report</title>
<style type="text/css">table {margin-bottom:10px;border-collapse:collapse;empty-cells:show}th,td {border:1px solid #009;padding:.25em .5em}th {vertical-align:bottom}td {vertical-align:top}table a {font-weight:bold}.stripe td {background-color: #E6EBF9}.num {text-align:right}.passedodd td {background-color: #3F3}.passedeven td {background-color: #0A0}.skippedodd td {background-color: #DDD}.skippedeven td {background-color: #CCC}.failedodd td,.attn {background-color: #F33}.failedeven td,.stripe .attn {background-color: #D00}.stacktrace {white-space:pre;font-family:monospace}.totop {font-size:85%;text-align:center;border-bottom:2px solid #000}.invisible {display:none}</style>
</head>
<body>
<table>
<tr><th>Test</th><th># Passed</th><th># Skipped</th><th># Retried</th><th># Failed</th><th>Time (ms)</th><th>Included Groups</th><th>Excluded Groups</th></tr>
<tr><th colspan="8">Default suite</th></tr>
<tr><td><a href="#t0">Default test</a></td><td class="num">3</td><td class="num">0</td><td class="num">0</td><td class="num attn">3</td><td class="num">60,615</td><td></td><td></td></tr>
</table>
<table id='summary'><thead><tr><th>Class</th><th>Method</th><th>Start</th><th>Time (ms)</th></tr></thead><tbody><tr><th colspan="4">Default suite</th></tr></tbody><tbody id="t0"><tr><th colspan="4">Default test &#8212; failed</th></tr><tr class="failedeven"><td rowspan="3">testrunners.TestRunners</td><td><a href="#m0">runScenario</a></td><td rowspan="3">1755375583084</td><td rowspan="3">10859</td></tr><tr class="failedeven"><td><a href="#m1">runScenario</a></td></tr><tr class="failedeven"><td><a href="#m2">runScenario</a></td></tr><tr><th colspan="4">Default test &#8212; passed</th></tr><tr class="passedeven"><td rowspan="3">testrunners.TestRunners</td><td><a href="#m3">runScenario</a></td><td rowspan="3">1755375567026</td><td rowspan="3">7045</td></tr><tr class="passedeven"><td><a href="#m4">runScenario</a></td></tr><tr class="passedeven"><td><a href="#m5">runScenario</a></td></tr></tbody>
</table>
<h2>Default test</h2><h3 id="m0">testrunners.TestRunners#runScenario</h3><table class="result"><tr class="param"><th>Parameter #1</th><th>Parameter #2</th></tr><tr class="param stripe"><td>&quot;Submit with invalid name&quot;</td><td>&quot;Validate the Contact Us module in the Event Management System&quot;</td></tr><tr><th colspan="2">Exception</th></tr><tr><td colspan="2"><div class="stacktrace">java.lang.AssertionError: Name error message is not as expected.
	at org.testng.Assert.fail(Assert.java:110)
	at stepdefinitions.ContactUsModuleDefinitions.a_name_error_message_should_be_displayed(ContactUsModuleDefinitions.java:65)
	at ✽.A name error message should be displayed(file:///D:/EventManagementSystem/src/test/resources/features/contactUs.feature:14)
</div></td></tr></table><p class="totop"><a href="#summary">back to summary</a></p>
<h3 id="m1">testrunners.TestRunners#runScenario</h3><table class="result"><tr class="param"><th>Parameter #1</th><th>Parameter #2</th></tr><tr class="param stripe"><td>&quot;Validate invalid guest count&quot;</td><td>&quot;Validate the Booking module in the Event Management System&quot;</td></tr><tr><th colspan="2">Exception</th></tr><tr><td colspan="2"><div class="stacktrace">java.lang.AssertionError: Guest count error message is not as expected.
	at org.testng.Assert.fail(Assert.java:110)
	at stepdefinitions.BookingModuleDefinitions.a_guest_count_error_message_should_be_displayed(BookingModuleDefinitions.java:82)
	at ✽.A guest count error message should be displayed(file:///D:/EventManagementSystem/src/test/resources/features/bookingModule.feature:14)
</div></td></tr></table><p class="totop"><a href="#summary">back to summary</a></p>
<h3 id="m2">testrunners.TestRunners#runScenario</h3><table class="result"><tr class="param"><th>Parameter #1</th><th>Parameter #2</th></tr><tr class="param stripe"><td>&quot;Submit with invalid email format&quot;</td><td>&quot;Validate the Contact Us module in the Event Management System&quot;</td></tr><tr><th colspan="2">Exception</th></tr><tr><td colspan="2"><div class="stacktrace">java.lang.AssertionError: Email format error message is not as expected.
	at org.testng.Assert.fail(Assert.java:110)
	at stepdefinitions.ContactUsModuleDefinitions.an_email_format_error_message_should_be_displayed(ContactUsModuleDefinitions.java:46)
	at ✽.An email format error message should be displayed(file:///D:/EventManagementSystem/src/test/resources/features/contactUs.feature:19)
</div></td></tr></table><p class="totop"><a href="#summary">back to summary</a></p>
<h3 id="m3">testrunners.TestRunners#runScenario</h3><table class="result"><tr class="param"><th>Parameter #1</th><th>Parameter #2</th></tr><tr class="param stripe"><td>&quot;Validate default event type selection&quot;</td><td>&quot;Validate the Booking module in the Event Management System&quot;</td></tr></table><p class="totop"><a href="#summary">back to summary</a></p>
<h3 id="m4">testrunners.TestRunners#runScenario</h3><table class="result"><tr class="param"><th>Parameter #1</th><th>Parameter #2</th></tr><tr class="param stripe"><td>&quot;Submit with all valid fields&quot;</td><td>&quot;Validate the Contact Us module in the Event Management System&quot;</td></tr></table><p class="totop"><a href="#summary">back to summary</a></p>
<h3 id="m5">testrunners.TestRunners#runScenario</h3><table class="result"><tr class="param"><th>Parameter #1</th><th>Parameter #2</th></tr><tr class="param stripe"><td>&quot;Validate missing phone number&quot;</td><td>&quot;Validate the Booking module in the Event Management System&quot;</td></tr></table><p class="totop"><a href="#summary">back to summary</a></p>
</body>
</html>
