<?xml version="1.0" encoding="UTF-8"?>
<!-- Generated by org.testng.reporters.JUnitReportReporter -->
<testsuite hostname="Haidri" failures="3" tests="6" name="testrunners.TestRunners" time="76.194" errors="0" timestamp="2025-08-17T02:41:52 IST" skipped="0">
  <testcase classname="testrunners.TestRunners" name="runScenario" time="19.938"/>
  <system-out/>
  <testcase classname="testrunners.TestRunners" name="runScenario" time="13.080">
    <failure message="Name error message is not as expected." type="java.lang.AssertionError">
      <![CDATA[java.lang.AssertionError: Name error message is not as expected.
at org.testng.Assert.fail(Assert.java:110)
at stepdefinitions.ContactUsModuleDefinitions.a_name_error_message_should_be_displayed(ContactUsModuleDefinitions.java:65)
at ✽.A name error message should be displayed(file:///D:/EventManagementSystem/src/test/resources/features/contactUs.feature:14)
]]>
    </failure>
  </testcase> <!-- runScenario -->
  <system-out/>
  <testcase classname="testrunners.TestRunners" name="runScenario" time="10.842"/>
  <system-out/>
  <testcase classname="testrunners.TestRunners" name="runScenario" time="10.679">
    <failure message="Guest count error message is not as expected." type="java.lang.AssertionError">
      <![CDATA[java.lang.AssertionError: Guest count error message is not as expected.
at org.testng.Assert.fail(Assert.java:110)
at stepdefinitions.BookingModuleDefinitions.a_guest_count_error_message_should_be_displayed(BookingModuleDefinitions.java:82)
at ✽.A guest count error message should be displayed(file:///D:/EventManagementSystem/src/test/resources/features/bookingModule.feature:14)
]]>
    </failure>
  </testcase> <!-- runScenario -->
  <system-out/>
  <testcase classname="testrunners.TestRunners" name="runScenario" time="9.165"/>
  <system-out/>
  <testcase classname="testrunners.TestRunners" name="runScenario" time="12.490">
    <failure message="Email format error message is not as expected." type="java.lang.AssertionError">
      <![CDATA[java.lang.AssertionError: Email format error message is not as expected.
at org.testng.Assert.fail(Assert.java:110)
at stepdefinitions.ContactUsModuleDefinitions.an_email_format_error_message_should_be_displayed(ContactUsModuleDefinitions.java:46)
at ✽.An email format error message should be displayed(file:///D:/EventManagementSystem/src/test/resources/features/contactUs.feature:19)
]]>
    </failure>
  </testcase> <!-- runScenario -->
  <system-out/>
</testsuite> <!-- testrunners.TestRunners -->
